mode: set
github.com/aliasthewho/price_tracker/internal/storage/pantry/client.go:37.41,39.18 2 1
github.com/aliasthewho/price_tracker/internal/storage/pantry/client.go:39.18,41.3 1 1
github.com/aliasthewho/price_tracker/internal/storage/pantry/client.go:42.2,42.36 1 1
github.com/aliasthewho/price_tracker/internal/storage/pantry/client.go:46.50,52.2 1 1
github.com/aliasthewho/price_tracker/internal/storage/pantry/client.go:55.40,57.2 1 1
github.com/aliasthewho/price_tracker/internal/storage/pantry/client.go:60.84,64.16 3 1
github.com/aliasthewho/price_tracker/internal/storage/pantry/client.go:64.16,66.3 1 0
github.com/aliasthewho/price_tracker/internal/storage/pantry/client.go:68.2,71.16 3 1
github.com/aliasthewho/price_tracker/internal/storage/pantry/client.go:71.16,73.3 1 0
github.com/aliasthewho/price_tracker/internal/storage/pantry/client.go:74.2,76.38 2 1
github.com/aliasthewho/price_tracker/internal/storage/pantry/client.go:76.38,79.44 3 1
github.com/aliasthewho/price_tracker/internal/storage/pantry/client.go:79.44,81.4 1 1
github.com/aliasthewho/price_tracker/internal/storage/pantry/client.go:82.3,82.64 1 0
github.com/aliasthewho/price_tracker/internal/storage/pantry/client.go:85.2,85.12 1 1
github.com/aliasthewho/price_tracker/internal/storage/pantry/client.go:89.92,93.16 3 1
github.com/aliasthewho/price_tracker/internal/storage/pantry/client.go:93.16,95.3 1 0
github.com/aliasthewho/price_tracker/internal/storage/pantry/client.go:97.2,98.16 2 1
github.com/aliasthewho/price_tracker/internal/storage/pantry/client.go:98.16,100.3 1 0
github.com/aliasthewho/price_tracker/internal/storage/pantry/client.go:101.2,103.46 2 1
github.com/aliasthewho/price_tracker/internal/storage/pantry/client.go:107.76,111.16 3 1
github.com/aliasthewho/price_tracker/internal/storage/pantry/client.go:111.16,113.3 1 0
github.com/aliasthewho/price_tracker/internal/storage/pantry/client.go:115.2,116.16 2 1
github.com/aliasthewho/price_tracker/internal/storage/pantry/client.go:116.16,118.3 1 0
github.com/aliasthewho/price_tracker/internal/storage/pantry/client.go:119.2,121.38 2 1
github.com/aliasthewho/price_tracker/internal/storage/pantry/client.go:121.38,124.44 3 0
github.com/aliasthewho/price_tracker/internal/storage/pantry/client.go:124.44,126.4 1 0
github.com/aliasthewho/price_tracker/internal/storage/pantry/client.go:127.3,127.68 1 0
github.com/aliasthewho/price_tracker/internal/storage/pantry/client.go:130.2,131.68 2 1
github.com/aliasthewho/price_tracker/internal/storage/pantry/client.go:131.68,133.3 1 0
github.com/aliasthewho/price_tracker/internal/storage/pantry/client.go:135.2,135.21 1 1
github.com/aliasthewho/price_tracker/internal/storage/pantry/client.go:139.102,141.16 2 1
github.com/aliasthewho/price_tracker/internal/storage/pantry/client.go:141.16,143.3 1 0
github.com/aliasthewho/price_tracker/internal/storage/pantry/client.go:145.2,148.16 3 1
github.com/aliasthewho/price_tracker/internal/storage/pantry/client.go:148.16,150.3 1 0
github.com/aliasthewho/price_tracker/internal/storage/pantry/client.go:152.2,155.16 3 1
github.com/aliasthewho/price_tracker/internal/storage/pantry/client.go:155.16,157.3 1 0
github.com/aliasthewho/price_tracker/internal/storage/pantry/client.go:158.2,160.38 2 1
github.com/aliasthewho/price_tracker/internal/storage/pantry/client.go:160.38,163.44 3 1
github.com/aliasthewho/price_tracker/internal/storage/pantry/client.go:163.44,165.4 1 1
github.com/aliasthewho/price_tracker/internal/storage/pantry/client.go:166.3,166.64 1 0
github.com/aliasthewho/price_tracker/internal/storage/pantry/client.go:169.2,169.12 1 1
github.com/aliasthewho/price_tracker/internal/storage/pantry/client.go:173.101,177.16 3 1
github.com/aliasthewho/price_tracker/internal/storage/pantry/client.go:177.16,179.3 1 0
github.com/aliasthewho/price_tracker/internal/storage/pantry/client.go:181.2,182.16 2 1
github.com/aliasthewho/price_tracker/internal/storage/pantry/client.go:182.16,184.3 1 0
github.com/aliasthewho/price_tracker/internal/storage/pantry/client.go:185.2,187.38 2 1
github.com/aliasthewho/price_tracker/internal/storage/pantry/client.go:187.38,190.44 3 0
github.com/aliasthewho/price_tracker/internal/storage/pantry/client.go:190.44,192.4 1 0
github.com/aliasthewho/price_tracker/internal/storage/pantry/client.go:193.3,193.61 1 0
github.com/aliasthewho/price_tracker/internal/storage/pantry/client.go:196.2,196.66 1 1
github.com/aliasthewho/price_tracker/internal/storage/pantry/client.go:196.66,198.3 1 1
github.com/aliasthewho/price_tracker/internal/storage/pantry/client.go:200.2,200.12 1 1
